<?xml version="1.0" encoding="UTF-8"?>
<!-- Generated by org.testng.reporters.JUnitReportReporter -->
<testsuite skipped="0" hostname="DESKTOP-A97EKAP" name="testngpackage.NewTest" tests="2" failures="0" timestamp="20 Apr 2020 08:16:44 GMT" time="8.338" errors="0">
  <testcase name="register" time="3.868" classname="testngpackage.NewTest"/>
  <testcase name="support" time="4.470" classname="testngpackage.NewTest"/>
</testsuite> <!-- testngpackage.NewTest -->
