<?xml version="1.0" encoding="UTF-8"?>
<!-- Generated by org.testng.reporters.JUnitReportReporter -->
<testsuite skipped="0" hostname="DESKTOP-A97EKAP" name="testngpackage.testngfile" tests="1" failures="0" timestamp="19 Apr 2020 16:56:20 GMT" time="23.855" errors="0">
  <testcase name="verifyHomepageTitle" time="23.855" classname="testngpackage.testngfile"/>
</testsuite> <!-- testngpackage.testngfile -->
