<?xml version="1.0" encoding="UTF-8"?>
<!-- Generated by org.testng.reporters.JUnitReportReporter -->
<testsuite hostname="DESKTOP-A97EKAP" name="DataProviders" tests="6" failures="0" timestamp="10 May 2020 07:13:37 GMT" time="68.753" errors="0">
  <testcase name="dataProviderScript" time="10.925" classname="DataProviders"/>
  <testcase name="dataProviderScript" time="11.974" classname="DataProviders"/>
  <testcase name="dataProviderScript1" time="11.853" classname="DataProviders"/>
  <testcase name="dataProviderScript" time="12.759" classname="DataProviders"/>
  <testcase name="dataProviderScript1" time="9.977" classname="DataProviders"/>
  <testcase name="dataProviderScript1" time="11.265" classname="DataProviders"/>
</testsuite> <!-- DataProviders -->
