<?xml version="1.0" encoding="UTF-8"?>
<!-- Generated by org.testng.reporters.JUnitReportReporter -->
<testsuite hostname="DESKTOP-A97EKAP" name="test.java.NewTest1" tests="1" failures="0" timestamp="21 Apr 2020 14:37:44 GMT" time="0.003" errors="0">
  <testcase name="f" time="0.003" classname="test.java.NewTest1"/>
</testsuite> <!-- test.java.NewTest1 -->
