<?xml version="1.0" encoding="UTF-8"?>
<!-- Generated by org.testng.reporters.JUnitReportReporter -->
<testsuite hostname="DESKTOP-A97EKAP" name="mavenPackage.mavenClass" tests="1" failures="0" timestamp="21 Apr 2020 13:32:53 GMT" time="0.012" errors="0">
  <testcase name="sum" time="0.012" classname="mavenPackage.mavenClass"/>
</testsuite> <!-- mavenPackage.mavenClass -->
