<?xml version="1.0" encoding="UTF-8"?>
<!-- Generated by org.testng.reporters.JUnitReportReporter -->
<testsuite hostname="DESKTOP-A97EKAP" name="test.java.NewTest" tests="1" failures="0" timestamp="2 May 2020 09:29:01 GMT" time="27.433" errors="0">
  <testcase name="testEasy" time="27.433" classname="test.java.NewTest"/>
</testsuite> <!-- test.java.NewTest -->
