<?xml version="1.0" encoding="UTF-8"?>
<!-- Generated by org.testng.reporters.JUnitReportReporter -->
<testsuite hostname="DESKTOP-A97EKAP" name="test.java.AutoSuggestionSelection" tests="1" failures="0" timestamp="15 May 2020 10:47:45 GMT" time="57.073" errors="0">
  <testcase name="calendar" time="57.073" classname="test.java.AutoSuggestionSelection"/>
</testsuite> <!-- test.java.AutoSuggestionSelection -->
