<?xml version="1.0" encoding="UTF-8"?>
<!-- Generated by org.testng.reporters.JUnitReportReporter -->
<testsuite skipped="0" hostname="DESKTOP-A97EKAP" name="TestCases.LoginTest" tests="1" failures="0" timestamp="15 May 2020 11:05:02 GMT" time="2.564" errors="0">
  <testcase name="test_Home_Page_Appear_Correct" time="2.564" classname="TestCases.LoginTest"/>
</testsuite> <!-- TestCases.LoginTest -->
