<?xml version="1.0" encoding="UTF-8"?>
<!-- Generated by org.testng.reporters.JUnitReportReporter -->
<testsuite hostname="DESKTOP-A97EKAP" name="test.java.NewTest" tests="5" failures="0" timestamp="25 Apr 2020 06:49:49 GMT" time="0.008" errors="0">
  <testcase name="C_Test" time="0.000" classname="test.java.NewTest"/>
  <testcase name="E_Test" time="0.001" classname="test.java.NewTest"/>
  <testcase name="A_Test" time="0.000" classname="test.java.NewTest"/>
  <testcase name="D_Test" time="0.000" classname="test.java.NewTest"/>
  <testcase name="B_Test" time="0.007" classname="test.java.NewTest"/>
</testsuite> <!-- test.java.NewTest -->
