<?xml version="1.0" encoding="UTF-8"?>
<!-- Generated by org.testng.reporters.JUnitReportReporter -->
<testsuite hostname="DESKTOP-A97EKAP" name="test.java.NewTest" tests="1" failures="0" timestamp="21 Apr 2020 14:36:00 GMT" time="16.389" errors="0">
  <testcase name="testEasy" time="16.389" classname="test.java.NewTest"/>
</testsuite> <!-- test.java.NewTest -->
