<?xml version="1.0" encoding="UTF-8"?>
<!-- Generated by org.testng.reporters.JUnitReportReporter -->
<testsuite hostname="DESKTOP-A97EKAP" name="javapackage.NewTest" tests="1" failures="0" timestamp="23 Apr 2020 07:43:41 GMT" time="0.009" errors="0">
  <testcase name="f" time="0.009" classname="javapackage.NewTest"/>
</testsuite> <!-- javapackage.NewTest -->
